<?xml version="1.0" encoding="UTF-8" ?>
<testsuite errors="0" failures="0" hostname="ZhaodeMacBook-Pro.local" name="Tests.OnlineStoreTest" skipped="0" tests="9" time="113.049" timestamp="2016-10-20T03:11:14">
  <properties>
[...]
</properties>
  <testcase classname="Tests.OnlineStoreTest" name="testSearchBox" time="9.993" />
  <testcase classname="Tests.OnlineStoreTest" name="testBuy" time="11.163" />
  <testcase classname="Tests.OnlineStoreTest" name="testSearchProduct" time="10.354" />
  <testcase classname="Tests.OnlineStoreTest" name="testLoginSuccess" time="30.353" />
  <testcase classname="Tests.OnlineStoreTest" name="testRegisterText" time="13.218" />
  <testcase classname="Tests.OnlineStoreTest" name="testLoginFailure" time="8.664" />
  <testcase classname="Tests.OnlineStoreTest" name="testShowsCorrectTitle" time="8.745" />
  <testcase classname="Tests.OnlineStoreTest" name="testAddtoCart" time="11.672" />
  <testcase classname="Tests.OnlineStoreTest" name="testDirectedPage" time="8.778" />
  <system-out><![CDATA[]]></system-out>
  <system-err><![CDATA[1476933075199	geckodriver	INFO	Listening on 127.0.0.1:14153
十月 19, 2016 11:11:15 下午 org.openqa.selenium.remote.ProtocolHandshake createSession
信息: Attempting bi-dialect session, assuming Postel's Law holds true on the remote end
1476933075494	mozprofile::profile	INFO	Using profile path /var/folders/gy/m8whnd790fxc53n5wdys6f4r0000gn/T/rust_mozprofile.fo2XtQcV75rP
1476933075495	geckodriver::marionette	INFO	Starting browser /Applications/Firefox.app/Contents/MacOS/firefox-bin
1476933075499	geckodriver::marionette	INFO	Connecting to Marionette on localhost:54294
1476933076578	Marionette	INFO	Listening on port 54294
1476933078518	Marionette	INFO	startBrowser 11b3cfdb-cd51-354c-b850-9b2ca76342eb
十月 19, 2016 11:11:18 下午 org.openqa.selenium.remote.ProtocolHandshake createSession
信息: Detected dialect: W3C
[GFX1-]: Receive IPC close with reason=AbnormalShutdown
[Child 9408] ###!!! ABORT: Aborting on channel error.: file /builds/slave/m-rel-m64-00000000000000000000/build/src/ipc/glue/MessageChannel.cpp, line 2052
[Child 9408] ###!!! ABORT: Aborting on channel error.: file /builds/slave/m-rel-m64-00000000000000000000/build/src/ipc/glue/MessageChannel.cpp, line 2052
十月 19, 2016 11:11:24 下午 org.openqa.selenium.remote.ProtocolHandshake createSession
信息: Attempting bi-dialect session, assuming Postel's Law holds true on the remote end
1476933084156	geckodriver	INFO	Listening on 127.0.0.1:40727
1476933084171	mozprofile::profile	INFO	Using profile path /var/folders/gy/m8whnd790fxc53n5wdys6f4r0000gn/T/rust_mozprofile.JQxKvWJ7GsAj
1476933084173	geckodriver::marionette	INFO	Starting browser /Applications/Firefox.app/Contents/MacOS/firefox-bin
1476933084187	geckodriver::marionette	INFO	Connecting to Marionette on localhost:54392
1476933085698	Marionette	INFO	Listening on port 54392
1476933087722	Marionette	INFO	startBrowser 2d7346ef-195e-2547-ae97-52bc50280355
十月 19, 2016 11:11:28 下午 org.openqa.selenium.remote.ProtocolHandshake createSession
信息: Detected dialect: W3C
[Child 9423] ###!!! ABORT: Aborting on channel error.: file /builds/slave/m-rel-m64-00000000000000000000/build/src/ipc/glue/MessageChannel.cpp, line 2052
[Child 9423] ###!!! ABORT: Aborting on channel error.: file /builds/slave/m-rel-m64-00000000000000000000/build/src/ipc/glue/MessageChannel.cpp, line 2052
十月 19, 2016 11:11:35 下午 org.openqa.selenium.remote.ProtocolHandshake createSession
信息: Attempting bi-dialect session, assuming Postel's Law holds true on the remote end
1476933095299	geckodriver	INFO	Listening on 127.0.0.1:26913
1476933095303	mozprofile::profile	INFO	Using profile path /var/folders/gy/m8whnd790fxc53n5wdys6f4r0000gn/T/rust_mozprofile.UevJhLy00uEy
1476933095304	geckodriver::marionette	INFO	Starting browser /Applications/Firefox.app/Contents/MacOS/firefox-bin
1476933095308	geckodriver::marionette	INFO	Connecting to Marionette on localhost:54531
1476933096489	Marionette	INFO	Listening on port 54531
1476933098485	Marionette	INFO	startBrowser 1f07f174-33ec-ae48-b290-76aaedf9972b
十月 19, 2016 11:11:38 下午 org.openqa.selenium.remote.ProtocolHandshake createSession
信息: Detected dialect: W3C
[Child 9435] ###!!! ABORT: Aborting on channel error.: file /builds/slave/m-rel-m64-00000000000000000000/build/src/ipc/glue/MessageChannel.cpp, line 2052
[Child 9435] ###!!! ABORT: Aborting on channel error.: file /builds/slave/m-rel-m64-00000000000000000000/build/src/ipc/glue/MessageChannel.cpp, line 2052
1476933105653	geckodriver	INFO	Listening on 127.0.0.1:4088
十月 19, 2016 11:11:45 下午 org.openqa.selenium.remote.ProtocolHandshake createSession
信息: Attempting bi-dialect session, assuming Postel's Law holds true on the remote end
1476933105663	mozprofile::profile	INFO	Using profile path /var/folders/gy/m8whnd790fxc53n5wdys6f4r0000gn/T/rust_mozprofile.vwpS40aBfHqL
1476933105664	geckodriver::marionette	INFO	Starting browser /Applications/Firefox.app/Contents/MacOS/firefox-bin
1476933105666	geckodriver::marionette	INFO	Connecting to Marionette on localhost:54661
1476933106622	Marionette	INFO	Listening on port 54661
1476933108609	Marionette	INFO	startBrowser 5dd0a687-f0ce-de49-a9df-fe0035ac6326
十月 19, 2016 11:11:48 下午 org.openqa.selenium.remote.ProtocolHandshake createSession
信息: Detected dialect: W3C
[GFX1-]: Receive IPC close with reason=AbnormalShutdown
[Child 9452] WARNING: pipe error: Broken pipe: file /builds/slave/m-rel-m64-00000000000000000000/build/src/ipc/chromium/src/chrome/common/ipc_channel_posix.cc, line 677
[Child 9452] ###!!! ABORT: Aborting on channel error.: file /builds/slave/m-rel-m64-00000000000000000000/build/src/ipc/glue/MessageChannel.cpp, line 2052
[Child 9452] ###!!! ABORT: Aborting on channel error.: file /builds/slave/m-rel-m64-00000000000000000000/build/src/ipc/glue/MessageChannel.cpp, line 2052
1476933136000	geckodriver	INFO	Listening on 127.0.0.1:39453
十月 19, 2016 11:12:16 下午 org.openqa.selenium.remote.ProtocolHandshake createSession
信息: Attempting bi-dialect session, assuming Postel's Law holds true on the remote end
1476933136008	mozprofile::profile	INFO	Using profile path /var/folders/gy/m8whnd790fxc53n5wdys6f4r0000gn/T/rust_mozprofile.eRFitkNVUqe5
1476933136008	geckodriver::marionette	INFO	Starting browser /Applications/Firefox.app/Contents/MacOS/firefox-bin
1476933136010	geckodriver::marionette	INFO	Connecting to Marionette on localhost:54847
1476933136899	Marionette	INFO	Listening on port 54847
1476933138859	Marionette	INFO	startBrowser b24b6289-4e42-aa49-8b65-710a3ad6f5db
十月 19, 2016 11:12:19 下午 org.openqa.selenium.remote.ProtocolHandshake createSession
信息: Detected dialect: W3C
[Child 9466] ###!!! ABORT: Aborting on channel error.: file /builds/slave/m-rel-m64-00000000000000000000/build/src/ipc/glue/MessageChannel.cpp, line 2052
[Child 9466] ###!!! ABORT: Aborting on channel error.: file /builds/slave/m-rel-m64-00000000000000000000/build/src/ipc/glue/MessageChannel.cpp, line 2052
1476933149224	geckodriver	INFO	Listening on 127.0.0.1:12626
十月 19, 2016 11:12:29 下午 org.openqa.selenium.remote.ProtocolHandshake createSession
信息: Attempting bi-dialect session, assuming Postel's Law holds true on the remote end
1476933149229	mozprofile::profile	INFO	Using profile path /var/folders/gy/m8whnd790fxc53n5wdys6f4r0000gn/T/rust_mozprofile.95z16KRhXfRv
1476933149231	geckodriver::marionette	INFO	Starting browser /Applications/Firefox.app/Contents/MacOS/firefox-bin
1476933149233	geckodriver::marionette	INFO	Connecting to Marionette on localhost:54990
1476933150289	Marionette	INFO	Listening on port 54990
1476933152188	Marionette	INFO	startBrowser 987c1b67-6fcc-a44b-8dd9-16a6b8146e9e
十月 19, 2016 11:12:32 下午 org.openqa.selenium.remote.ProtocolHandshake createSession
信息: Detected dialect: W3C
[Child 9492] ###!!! ABORT: Aborting on channel error.: file /builds/slave/m-rel-m64-00000000000000000000/build/src/ipc/glue/MessageChannel.cpp, line 2052
[Child 9492] ###!!! ABORT: Aborting on channel error.: file /builds/slave/m-rel-m64-00000000000000000000/build/src/ipc/glue/MessageChannel.cpp, line 2052
十月 19, 2016 11:12:37 下午 org.openqa.selenium.remote.ProtocolHandshake createSession
信息: Attempting bi-dialect session, assuming Postel's Law holds true on the remote end
1476933157916	geckodriver	INFO	Listening on 127.0.0.1:14105
1476933157925	mozprofile::profile	INFO	Using profile path /var/folders/gy/m8whnd790fxc53n5wdys6f4r0000gn/T/rust_mozprofile.Cl8VXZ3e72Nv
1476933157926	geckodriver::marionette	INFO	Starting browser /Applications/Firefox.app/Contents/MacOS/firefox-bin
1476933157934	geckodriver::marionette	INFO	Connecting to Marionette on localhost:55105
1476933159131	Marionette	INFO	Listening on port 55105
1476933160890	Marionette	INFO	startBrowser a8b5516a-5c34-514a-adc1-65f306b573bf
十月 19, 2016 11:12:41 下午 org.openqa.selenium.remote.ProtocolHandshake createSession
信息: Detected dialect: W3C
[Child 9502] ###!!! ABORT: Aborting on channel error.: file /builds/slave/m-rel-m64-00000000000000000000/build/src/ipc/glue/MessageChannel.cpp, line 2052
[Child 9502] ###!!! ABORT: Aborting on channel error.: file /builds/slave/m-rel-m64-00000000000000000000/build/src/ipc/glue/MessageChannel.cpp, line 2052
十月 19, 2016 11:12:46 下午 org.openqa.selenium.remote.ProtocolHandshake createSession
信息: Attempting bi-dialect session, assuming Postel's Law holds true on the remote end
1476933166656	geckodriver	INFO	Listening on 127.0.0.1:6297
1476933166663	mozprofile::profile	INFO	Using profile path /var/folders/gy/m8whnd790fxc53n5wdys6f4r0000gn/T/rust_mozprofile.JEbwx1vjU1tE
1476933166664	geckodriver::marionette	INFO	Starting browser /Applications/Firefox.app/Contents/MacOS/firefox-bin
1476933166678	geckodriver::marionette	INFO	Connecting to Marionette on localhost:55198
1476933167820	Marionette	INFO	Listening on port 55198
1476933169792	Marionette	INFO	startBrowser 560efb28-9270-4844-901e-2b90cfd7a820
十月 19, 2016 11:12:50 下午 org.openqa.selenium.remote.ProtocolHandshake createSession
信息: Detected dialect: W3C
[GFX1-]: Receive IPC close with reason=AbnormalShutdown
[Child 9517] ###!!! ABORT: Aborting on channel error.: file /builds/slave/m-rel-m64-00000000000000000000/build/src/ipc/glue/MessageChannel.cpp, line 2052
[Child 9517] ###!!! ABORT: Aborting on channel error.: file /builds/slave/m-rel-m64-00000000000000000000/build/src/ipc/glue/MessageChannel.cpp, line 2052
十月 19, 2016 11:12:58 下午 org.openqa.selenium.remote.ProtocolHandshake createSession
信息: Attempting bi-dialect session, assuming Postel's Law holds true on the remote end
1476933178304	geckodriver	INFO	Listening on 127.0.0.1:36307
1476933178312	mozprofile::profile	INFO	Using profile path /var/folders/gy/m8whnd790fxc53n5wdys6f4r0000gn/T/rust_mozprofile.yoC7jBiaKmr7
1476933178313	geckodriver::marionette	INFO	Starting browser /Applications/Firefox.app/Contents/MacOS/firefox-bin
1476933178315	geckodriver::marionette	INFO	Connecting to Marionette on localhost:55367
1476933179172	Marionette	INFO	Listening on port 55367
1476933181087	Marionette	INFO	startBrowser 6549d194-6904-6b43-9494-859759f39928
十月 19, 2016 11:13:01 下午 org.openqa.selenium.remote.ProtocolHandshake createSession
信息: Detected dialect: W3C
[Child 9534] ###!!! ABORT: Aborting on channel error.: file /builds/slave/m-rel-m64-00000000000000000000/build/src/ipc/glue/MessageChannel.cpp, line 2052
[Child 9534] ###!!! ABORT: Aborting on channel error.: file /builds/slave/m-rel-m64-00000000000000000000/build/src/ipc/glue/MessageChannel.cpp, line 2052
]]></system-err>
</testsuite>
